Copyright 1986-2015 Xilinx, Inc. All Rights Reserved.
-------------------------------------------------------------------------------------------
| Tool Version      : Vivado v.2015.4.2 (win64) Build 1494164 Fri Feb 26 04:18:56 MST 2016
| Date              : Mon Mar 20 11:43:21 2017
| Host              : ENGR-ECE232PC13 running 64-bit major release  (build 9200)
| Command           : report_clock_utilization -file top_clock_utilization_routed.rpt
| Design            : top
| Device            : 7a200t-fbg676
| Speed File        : -2  PRODUCTION 1.14 2014-09-11
| Temperature Grade : C
-------------------------------------------------------------------------------------------

Clock Utilization Report

Table of Contents
-----------------
1. Clock Primitive Utilization
2. Details of Global Clocks
3. Details of Regional Clocks
4. Details of Multi-Regional Clocks
5. Details of I/O Clocks
6. Details of Local Clocks
7. Clock Regions : Key Resource Utilization
8. Net wise resources used in clock region X0Y2

1. Clock Primitive Utilization
------------------------------

+-------+------+-----------+-----------+
| Type  | Used | Available | Num Fixed |
+-------+------+-----------+-----------+
| BUFG  |    1 |        32 |         0 |
| BUFH  |    0 |       120 |         0 |
| BUFIO |    0 |        40 |         0 |
| MMCM  |    0 |        10 |         0 |
| PLL   |    0 |        10 |         0 |
| BUFR  |    0 |        40 |         0 |
| BUFMR |    0 |        20 |         0 |
+-------+------+-----------+-----------+


2. Details of Global Clocks
---------------------------

+-------+--------------------+---------------+--------------+-------+
|       |                    |               |   Num Loads  |       |
+-------+--------------------+---------------+------+-------+-------+
| Index | BUFG Cell          | Net Name      | BELs | Sites | Fixed |
+-------+--------------------+---------------+------+-------+-------+
|     1 | Clk_IBUF_BUFG_inst | Clk_IBUF_BUFG |  256 |    87 |    no |
+-------+--------------------+---------------+------+-------+-------+


3. Details of Regional Clocks
-----------------------------

4. Details of Multi-Regional Clocks
-----------------------------------

5. Details of I/O Clocks
------------------------

6. Details of Local Clocks
--------------------------

7. Clock Regions : Key Resource Utilization
-------------------------------------------

+-------------------+--------------+--------------+--------------+--------------+--------------+--------------+--------------+--------------+--------------+--------------+--------------+--------------+--------------+--------------+--------------+
|                   | Global Clock |     BUFRs    |    BUFMRs    |    BUFIOs    |     MMCM     |      PLL     |      GT      |      PCI     |    ILOGIC    |    OLOGIC    |      FF      |     LUTM     |    RAMB18    |    RAMB36    |    DSP48E1   |
+-------------------+------+-------+------+-------+------+-------+------+-------+------+-------+------+-------+------+-------+------+-------+------+-------+------+-------+------+-------+------+-------+------+-------+------+-------+------+-------+
| Clock Region Name | Used | Avail | Used | Avail | Used | Avail | Used | Avail | Used | Avail | Used | Avail | Used | Avail | Used | Avail | Used | Avail | Used | Avail | Used | Avail | Used | Avail | Used | Avail | Used | Avail | Used | Avail |
+-------------------+------+-------+------+-------+------+-------+------+-------+------+-------+------+-------+------+-------+------+-------+------+-------+------+-------+------+-------+------+-------+------+-------+------+-------+------+-------+
| X0Y0              |    0 |    12 |    0 |     4 |    0 |     2 |    0 |     4 |    0 |     1 |    0 |     1 |    0 |     5 |    0 |     0 |    0 |    50 |    0 |    50 |    0 | 21600 |    0 |  3200 |    0 |    60 |    0 |    30 |    0 |    60 |
| X1Y0              |    0 |    12 |    0 |     4 |    0 |     2 |    0 |     4 |    0 |     1 |    0 |     1 |    0 |     5 |    0 |     0 |    0 |    50 |    0 |    50 |    0 | 20000 |    0 |  3200 |    0 |    40 |    0 |    20 |    0 |    40 |
| X0Y1              |    0 |    12 |    0 |     4 |    0 |     2 |    0 |     4 |    0 |     1 |    0 |     1 |    0 |     0 |    0 |     0 |    0 |    50 |    0 |    50 |    0 | 33600 |    0 |  5600 |    0 |   100 |    0 |    50 |    0 |   100 |
| X1Y1              |    0 |    12 |    0 |     4 |    0 |     2 |    0 |     4 |    0 |     1 |    0 |     1 |    0 |     0 |    0 |     0 |    0 |    50 |    0 |    50 |    0 | 32000 |    0 |  5600 |    0 |    80 |    0 |    40 |    0 |    80 |
| X0Y2              |    1 |    12 |    0 |     4 |    0 |     2 |    0 |     4 |    0 |     1 |    0 |     1 |    0 |     0 |    0 |     0 |    0 |    50 |    0 |    50 |  256 | 28800 |    0 |  5600 |    0 |   100 |    0 |    50 |    0 |   100 |
| X1Y2              |    0 |    12 |    0 |     4 |    0 |     2 |    0 |     4 |    0 |     1 |    0 |     1 |    0 |     0 |    0 |     0 |    0 |    50 |    0 |    50 |    0 | 32000 |    0 |  5600 |    0 |    80 |    0 |    40 |    0 |    80 |
| X0Y3              |    0 |    12 |    0 |     4 |    0 |     2 |    0 |     4 |    0 |     1 |    0 |     1 |    0 |     0 |    0 |     0 |    0 |    50 |    0 |    50 |    0 | 28800 |    0 |  5600 |    0 |   100 |    0 |    50 |    0 |   100 |
| X1Y3              |    0 |    12 |    0 |     4 |    0 |     2 |    0 |     4 |    0 |     1 |    0 |     1 |    0 |     0 |    0 |     0 |    0 |    50 |    0 |    50 |    0 | 32000 |    0 |  5600 |    0 |    80 |    0 |    40 |    0 |    80 |
| X0Y4              |    0 |    12 |    0 |     4 |    0 |     2 |    0 |     4 |    0 |     1 |    0 |     1 |    0 |     5 |    0 |     1 |    0 |    50 |    0 |    50 |    0 | 20400 |    0 |  3000 |    0 |    50 |    0 |    25 |    0 |    60 |
| X1Y4              |    0 |    12 |    0 |     4 |    0 |     2 |    0 |     4 |    0 |     1 |    0 |     1 |    0 |     5 |    0 |     0 |    0 |    50 |    0 |    50 |    0 | 20000 |    0 |  3200 |    0 |    40 |    0 |    20 |    0 |    40 |
+-------------------+------+-------+------+-------+------+-------+------+-------+------+-------+------+-------+------+-------+------+-------+------+-------+------+-------+------+-------+------+-------+------+-------+------+-------+------+-------+
* RAMB36 site can be used as two RAMB18/FIFO18 sites.


8. Net wise resources used in clock region X0Y2
-----------------------------------------------

+-------------+--------------+-------+-----------+----------+---------+-----------+---------+---------+-----+-------+----------+----------------+
| Source Type | BUFHCE Site  | Fixed | MMCM Pins | PLL Pins | GT Pins | BRAM Pins | ILOGICs | OLOGICs | FFs | LUTMs | DSP48E1s | Clock Net Name |
+-------------+--------------+-------+-----------+----------+---------+-----------+---------+---------+-----+-------+----------+----------------+
| BUFG        | BUFHCE_X0Y32 |   no  |         0 |        0 |       0 |         0 |       0 |       0 | 256 |     0 |        0 | Clk_IBUF_BUFG  |
+-------------+--------------+-------+-----------+----------+---------+-----------+---------+---------+-----+-------+----------+----------------+



# Location of BUFG Primitives 
set_property LOC BUFGCTRL_X0Y0 [get_cells Clk_IBUF_BUFG_inst]

# Location of IO Clock Primitives

# Location of MMCM Clock Primitives

# Location of BUFH Clock Primitives

# Location of BUFR Clock Primitives

# Location of BUFMR Clock Primitives

# Location of PLL Clock Primitives

# Location of IO Primitives which is load of clock spine

# Location of clock ports
set_property LOC IOB_X1Y128 [get_ports Clk]

# Clock net "Clk_IBUF_BUFG" driven by instance "Clk_IBUF_BUFG_inst" located at site "BUFGCTRL_X0Y0"
#startgroup
create_pblock {CLKAG_Clk_IBUF_BUFG}
add_cells_to_pblock [get_pblocks  {CLKAG_Clk_IBUF_BUFG}] [get_cells -filter { PRIMITIVE_GROUP != I/O && IS_PRIMITIVE==1 && PRIMITIVE_LEVEL !=INTERNAL } -of_object [get_pins -filter {DIRECTION==IN} -of_objects [get_nets -hierarchical -filter {PARENT=="Clk_IBUF_BUFG"}]]]
resize_pblock [get_pblocks {CLKAG_Clk_IBUF_BUFG}] -add {CLOCKREGION_X0Y2:CLOCKREGION_X0Y2}
#endgroup
